# JRE version: OpenJDK Runtime Environment Microsoft-8035246 (17.0.8+7) (build 17.0.8+7-LTS)
# Java VM: OpenJDK 64-Bit Server VM Microsoft-8035246 (17.0.8+7-LTS, mixed mode, sharing, tiered, compressed oops, compressed class ptrs, g1 gc, windows-amd64)
GC Precious Log:
 CPUs: 2 total, 2 available
 Memory: 3858M
 Large Page Support: Disabled
 NUMA Support: Disabled
 Compressed Oops: Enabled (32-bit)
 Heap Region Size: 1M
 Heap Min Capacity: 8M
 Heap Initial Capacity: 62M
 Heap Max Capacity: 2G
 Pre-touch: Disabled
 Parallel Workers: 2
 Concurrent Workers: 1
 Concurrent Refinement Workers: 2
 Periodic GC: Disabled
Heap:
 garbage-first heap   total 168960K, used 133837K [0x0000000080000000, 0x0000000100000000)
  region size 1024K, 42 young (43008K), 4 survivors (4096K)
 Metaspace       used 76561K, committed 77376K, reserved 557056K
  class space    used 10663K, committed 11008K, reserved 425984K
GC Heap History (20 events):
Event: 52.543 GC heap before
{Heap before GC invocations=45 (full 0):
 garbage-first heap   total 87040K, used 79128K [0x0000000080000000, 0x0000000100000000)
  region size 1024K, 17 young (17408K), 1 survivors (1024K)
 Metaspace       used 63597K, committed 64192K, reserved 491520K
  class space    used 8892K, committed 9152K, reserved 425984K
}
Event: 52.549 GC heap after
{Heap after GC invocations=46 (full 0):
 garbage-first heap   total 140288K, used 65519K [0x0000000080000000, 0x0000000100000000)
  region size 1024K, 3 young (3072K), 3 survivors (3072K)
 Metaspace       used 63597K, committed 64192K, reserved 491520K
  class space    used 8892K, committed 9152K, reserved 425984K
}
Event: 54.051 GC heap before
{Heap before GC invocations=46 (full 0):
 garbage-first heap   total 140288K, used 113647K [0x0000000080000000, 0x0000000100000000)
  region size 1024K, 50 young (51200K), 3 survivors (3072K)
 Metaspace       used 66911K, committed 67520K, reserved 491520K
  class space    used 9326K, committed 9600K, reserved 425984K
}
Event: 54.066 GC heap after
{Heap after GC invocations=47 (full 0):
 garbage-first heap   total 140288K, used 68111K [0x0000000080000000, 0x0000000100000000)
  region size 1024K, 5 young (5120K), 5 survivors (5120K)
 Metaspace       used 66911K, committed 67520K, reserved 491520K
  class space    used 9326K, committed 9600K, reserved 425984K
}
Event: 55.693 GC heap before
{Heap before GC invocations=47 (full 0):
 garbage-first heap   total 140288K, used 112143K [0x0000000080000000, 0x0000000100000000)
  region size 1024K, 48 young (49152K), 5 survivors (5120K)
 Metaspace       used 68760K, committed 69440K, reserved 491520K
  class space    used 9575K, committed 9856K, reserved 425984K
}
Event: 55.714 GC heap after
{Heap after GC invocations=48 (full 0):
 garbage-first heap   total 140288K, used 72131K [0x0000000080000000, 0x0000000100000000)
  region size 1024K, 6 young (6144K), 6 survivors (6144K)
 Metaspace       used 68760K, committed 69440K, reserved 491520K
  class space    used 9575K, committed 9856K, reserved 425984K
}
Event: 58.601 GC heap before
{Heap before GC invocations=48 (full 0):
 garbage-first heap   total 140288K, used 113091K [0x0000000080000000, 0x0000000100000000)
  region size 1024K, 46 young (47104K), 6 survivors (6144K)
 Metaspace       used 70683K, committed 71360K, reserved 491520K
  class space    used 9848K, committed 10176K, reserved 425984K
}
Event: 58.624 GC heap after
{Heap after GC invocations=49 (full 0):
 garbage-first heap   total 140288K, used 75669K [0x0000000080000000, 0x0000000100000000)
  region size 1024K, 6 young (6144K), 6 survivors (6144K)
 Metaspace       used 70683K, committed 71360K, reserved 491520K
  class space    used 9848K, committed 10176K, reserved 425984K
}
Event: 60.331 GC heap before
{Heap before GC invocations=49 (full 0):
 garbage-first heap   total 140288K, used 110485K [0x0000000080000000, 0x0000000100000000)
  region size 1024K, 41 young (41984K), 6 survivors (6144K)
 Metaspace       used 73508K, committed 74240K, reserved 491520K
  class space    used 10332K, committed 10688K, reserved 425984K
}
Event: 60.352 GC heap after
{Heap after GC invocations=50 (full 0):
 garbage-first heap   total 140288K, used 78436K [0x0000000080000000, 0x0000000100000000)
  region size 1024K, 3 young (3072K), 3 survivors (3072K)
 Metaspace       used 73508K, committed 74240K, reserved 491520K
  class space    used 10332K, committed 10688K, reserved 425984K
}
Event: 62.485 GC heap before
{Heap before GC invocations=50 (full 0):
 garbage-first heap   total 140288K, used 113252K [0x0000000080000000, 0x0000000100000000)
  region size 1024K, 38 young (38912K), 3 survivors (3072K)
 Metaspace       used 74604K, committed 75392K, reserved 491520K
  class space    used 10485K, committed 10880K, reserved 425984K
}
Event: 62.516 GC heap after
{Heap after GC invocations=51 (full 0):
 garbage-first heap   total 140288K, used 82944K [0x0000000080000000, 0x0000000100000000)
  region size 1024K, 5 young (5120K), 5 survivors (5120K)
 Metaspace       used 74604K, committed 75392K, reserved 491520K
  class space    used 10485K, committed 10880K, reserved 425984K
}
Event: 90.726 GC heap before
{Heap before GC invocations=51 (full 0):
 garbage-first heap   total 140288K, used 114688K [0x0000000080000000, 0x0000000100000000)
  region size 1024K, 36 young (36864K), 5 survivors (5120K)
 Metaspace       used 76115K, committed 76864K, reserved 557056K
  class space    used 10656K, committed 11008K, reserved 425984K
}
Event: 90.764 GC heap after
{Heap after GC invocations=52 (full 0):
 garbage-first heap   total 168960K, used 88064K [0x0000000080000000, 0x0000000100000000)
  region size 1024K, 5 young (5120K), 5 survivors (5120K)
 Metaspace       used 76115K, committed 76864K, reserved 557056K
  class space    used 10656K, committed 11008K, reserved 425984K
}
Event: 93.178 GC heap before
{Heap before GC invocations=52 (full 0):
 garbage-first heap   total 168960K, used 134144K [0x0000000080000000, 0x0000000100000000)
  region size 1024K, 51 young (52224K), 5 survivors (5120K)
 Metaspace       used 76508K, committed 77312K, reserved 557056K
  class space    used 10659K, committed 11008K, reserved 425984K
}
Event: 93.203 GC heap after
{Heap after GC invocations=53 (full 0):
 garbage-first heap   total 168960K, used 92458K [0x0000000080000000, 0x0000000100000000)
  region size 1024K, 5 young (5120K), 5 survivors (5120K)
 Metaspace       used 76508K, committed 77312K, reserved 557056K
  class space    used 10659K, committed 11008K, reserved 425984K
}
Event: 94.410 GC heap before
{Heap before GC invocations=53 (full 0):
 garbage-first heap   total 168960K, used 134442K [0x0000000080000000, 0x0000000100000000)
  region size 1024K, 47 young (48128K), 5 survivors (5120K)
 Metaspace       used 76532K, committed 77312K, reserved 557056K
  class space    used 10659K, committed 11008K, reserved 425984K
}
Event: 94.429 GC heap after
{Heap after GC invocations=54 (full 0):
 garbage-first heap   total 168960K, used 93420K [0x0000000080000000, 0x0000000100000000)
  region size 1024K, 4 young (4096K), 4 survivors (4096K)
 Metaspace       used 76532K, committed 77312K, reserved 557056K
  class space    used 10659K, committed 11008K, reserved 425984K
}
Event: 95.707 GC heap before
{Heap before GC invocations=54 (full 0):
 garbage-first heap   total 168960K, used 136428K [0x0000000080000000, 0x0000000100000000)
  region size 1024K, 46 young (47104K), 4 survivors (4096K)
 Metaspace       used 76535K, committed 77312K, reserved 557056K
  class space    used 10659K, committed 11008K, reserved 425984K
}
Event: 95.720 GC heap after
{Heap after GC invocations=55 (full 0):
 garbage-first heap   total 168960K, used 94925K [0x0000000080000000, 0x0000000100000000)
  region size 1024K, 4 young (4096K), 4 survivors (4096K)
 Metaspace       used 76535K, committed 77312K, reserved 557056K
  class space    used 10659K, committed 11008K, reserved 425984K
}

